{
  "stats": {
    "suites": 2,
    "tests": 2,
    "passes": 2,
    "pending": 0,
    "failures": 0,
    "start": "2025-07-20T03:19:07.454Z",
    "end": "2025-07-20T03:19:19.643Z",
    "duration": 12189,
    "testsRegistered": 2,
    "passPercent": 100,
    "pendingPercent": 0,
    "other": 0,
    "hasOther": false,
    "skipped": 0,
    "hasSkipped": false
  },
  "results": [
    {
      "uuid": "90bbcbd0-b26d-4399-9ea8-07ae88f3d505",
      "title": "",
      "fullFile": "cypress\\e2e\\edit.cy.js",
      "file": "cypress\\e2e\\edit.cy.js",
      "beforeHooks": [],
      "afterHooks": [],
      "tests": [],
      "suites": [
        {
          "uuid": "90211849-7279-4074-8cf9-cd17c3313c43",
          "title": "Registrar y editar comida desde el frontend",
          "fullFile": "",
          "file": "",
          "beforeHooks": [],
          "afterHooks": [],
          "tests": [
            {
              "title": "Editar Comida - Caso Exito",
              "fullTitle": "Registrar y editar comida desde el frontend Editar Comida - Caso Exito",
              "timedOut": null,
              "duration": 7497,
              "state": "passed",
              "speed": "medium",
              "pass": true,
              "fail": false,
              "pending": false,
              "context": null,
              "code": "// 1. Ir a la página de login\ncy.visit('http://localhost:5173');\n// 2. Completar login\ncy.get('input[type=\"email\"]').type('danielfelipe@gmail.com');\ncy.get('input[type=\"password\"]').type('Millonarios2025*');\ncy.contains('Ingresar').click();\n// 3. Esperar a que aparezca el home tras login\ncy.contains('Registrar cuidado').should('be.visible');\n// Crear Usuario\ncy.contains('Pacientes').click();\ncy.contains('Crear Paciente').click();\ncy.get('input[placeholder=\"Nombre\"]').type('Juan');\ncy.get('input[placeholder=\"Apellido\"]').type('Pérez');\ncy.get('#birth_date').type('1955-10-21');\ncy.get('input[placeholder=\"Documento\"]').type('52660903');\ncy.contains('Crear Paciente').click();\n// Seleccionar Paciente\ncy.contains('Pacientes').click();\ncy.contains('Elegir').click();\ncy.get('section').contains('Cerrar').should('be.visible').click();\ncy.get('img[alt=\"Logo aplicacion\"]').click();\n// 4. Click en \"Registrar cuidado\"\ncy.contains('Registrar cuidado').click();\n// 5. Seleccionar \"Alimentación\"\ncy.contains('Alimentación').click();\n// 6. Llenar el formulario de alimentación\nconst now = new Date();\nconst yyyy = now.getFullYear();\nconst mm = String(now.getMonth() + 1).padStart(2, '0');\nconst dd = String(now.getDate()).padStart(2, '0');\nconst hh = String(now.getHours()).padStart(2, '0');\nconst min = String(now.getMinutes()).padStart(2, '0');\nconst fechaHora = `${yyyy}-${mm}-${dd}T${hh}:${min}`;\ncy.get('input[type=\"datetime-local\"]').invoke('val', fechaHora).trigger('input');\n// Comida del día (selección)\ncy.get('select').eq(0).select(1);\n// Descripción del alimento consumido\ncy.get('input[placeholder*=\"Descripción alimento\"]').type('Arroz y pollo');\n// Hidratación (selección)\ncy.get('select').eq(1).select(1);\n// Observaciones\ncy.get('textarea[placeholder*=\"Observaciones\"]').type('Sin observaciones');\n// 7. Click en \"Enviar\"\ncy.get('button').contains(/^enviar$/i).click();\n// 8. Ir a \"Ver registros\"\ncy.contains('Ver registros').click();\n// 9. Buscar el registro recién creado (por descripción)\ncy.contains('Ensalada y pasta').should('not.exist'); // Asegura que no hay registros previos\ncy.contains('Editar').click();\n// 10. Editar todos los campos menos la fecha\n// Cambiar comida del día\ncy.get('select').eq(0).select(2); // Cambia la opción de comida del día\n// Cambiar descripción alimento\ncy.get('input[placeholder*=\"Descripción alimento\"]').clear().type('Ensalada y pasta');\n// Cambiar hidratación\ncy.get('select').eq(1).select(2); // Cambia la opción de hidratación\n// Cambiar observaciones\ncy.get('textarea[placeholder*=\"Observaciones\"]').clear().type('Agregar aderezo');\n// 11. Click en \"Enviar\" para guardar cambios\ncy.get('button').contains(/^enviar$/i).click();\n// 12. (Opcional) Validar que los cambios se reflejen en la lista\ncy.contains('Ensalada y pasta').should('exist');\ncy.contains('Agregar aderezo').should('exist');",
              "err": {},
              "uuid": "4395b15f-eaf4-49de-84e8-9d91cf4a0da9",
              "parentUUID": "90211849-7279-4074-8cf9-cd17c3313c43",
              "isHook": false,
              "skipped": false
            }
          ],
          "suites": [],
          "passes": [
            "4395b15f-eaf4-49de-84e8-9d91cf4a0da9"
          ],
          "failures": [],
          "pending": [],
          "skipped": [],
          "duration": 7497,
          "root": false,
          "rootEmpty": false,
          "_timeout": 2000
        },
        {
          "uuid": "b4169629-4cc8-4bc0-9364-1ab5e1c36c9b",
          "title": "Registrar comida - casos no ideales (errores)",
          "fullFile": "",
          "file": "",
          "beforeHooks": [],
          "afterHooks": [],
          "tests": [
            {
              "title": "Editar Comida - Casos de Error",
              "fullTitle": "Registrar comida - casos no ideales (errores) Editar Comida - Casos de Error",
              "timedOut": null,
              "duration": 4618,
              "state": "passed",
              "speed": "fast",
              "pass": true,
              "fail": false,
              "pending": false,
              "context": null,
              "code": "// 1. Ir a la página de login\ncy.visit('http://localhost:5173');\n// 2. Login\ncy.get('input[type=\"email\"]').type('danielfelipe@gmail.com');\ncy.get('input[type=\"password\"]').type('Millonarios2025*');\ncy.contains('Ingresar').click();\n// 3. Esperar home\ncy.contains('Registrar cuidado').should('be.visible');\n// Crear Usuario\ncy.contains('Pacientes').click();\ncy.contains('Crear Paciente').click();\ncy.get('input[placeholder=\"Nombre\"]').type('Juan');\ncy.get('input[placeholder=\"Apellido\"]').type('Pérez');\ncy.get('#birth_date').type('1955-10-21');\ncy.get('input[placeholder=\"Documento\"]').type('52660903');\ncy.contains('Crear Paciente').click();\n// Seleccionar Paciente\ncy.contains('Pacientes').click();\ncy.contains('Elegir').click();\ncy.get('section').contains('Cerrar').should('be.visible').click();\ncy.get('img[alt=\"Logo aplicacion\"]').click();\n// 4. Click en \"Registrar cuidado\"\ncy.contains('Registrar cuidado').click();\n// 5. Seleccionar \"Alimentación\"\ncy.contains('Alimentación').click();\n// 6. Omitir los campos obligatorios (no llenar nada) y dar click en \"Enviar\"\ncy.get('button').contains(/^enviar$/i).click();\n// 7. Verificar mensajes de error en los campos requeridos\ncy.contains('La fecha y hora son obligatorios').should('be.visible');\ncy.contains('Ingresar el tipo de comida es obligatorio.').should('be.visible');\ncy.contains('Ingresar la descripción del alimento es obligatorio').should('be.visible');\ncy.contains('Ingresar la hidratación es obligatorio').should('be.visible');\n// 8. (Opcional) Completar solo algunos campos y volver a intentar para ver validaciones parciales\ncy.get('input[type=\"datetime-local\"]').invoke('val', '2025-07-20T08:30').trigger('input');\ncy.get('button').contains(/^enviar$/i).click();\ncy.contains('Ingresar el tipo de comida es obligatorio.').should('be.visible');\ncy.contains('Ingresar la descripción del alimento es obligatorio').should('be.visible');\ncy.contains('Ingresar la hidratación es obligatorio').should('be.visible');\n// 9. (Opcional) Probar error en edición: dejar descripción vacía y guardar\n// Ir a \"Ver registros\" y editar el registro recién creado\ncy.get('img[alt=\"Logo aplicacion\"]').click();\ncy.contains('Ver registros').click();\ncy.contains('Editar').click();\n// 10. Borrar descripción y tratar de guardar\ncy.get('input[placeholder*=\"Descripción alimento\"]').clear();\ncy.get('button').contains(/^enviar$/i).click();\ncy.contains('Ingresar la descripción del alimento es obligatorio').should('be.visible');",
              "err": {},
              "uuid": "8cf9d06b-0646-4d68-bcef-1761378d7a8a",
              "parentUUID": "b4169629-4cc8-4bc0-9364-1ab5e1c36c9b",
              "isHook": false,
              "skipped": false
            }
          ],
          "suites": [],
          "passes": [
            "8cf9d06b-0646-4d68-bcef-1761378d7a8a"
          ],
          "failures": [],
          "pending": [],
          "skipped": [],
          "duration": 4618,
          "root": false,
          "rootEmpty": false,
          "_timeout": 2000
        }
      ],
      "passes": [],
      "failures": [],
      "pending": [],
      "skipped": [],
      "duration": 0,
      "root": true,
      "rootEmpty": true,
      "_timeout": 2000
    }
  ],
  "meta": {
    "mocha": {
      "version": "7.2.0"
    },
    "mochawesome": {
      "options": {
        "quiet": false,
        "reportFilename": "mochawesome",
        "saveHtml": false,
        "saveJson": true,
        "consoleReporter": "spec",
        "useInlineDiffs": false,
        "code": true
      },
      "version": "7.1.3"
    },
    "marge": {
      "options": {
        "reportDir": "cypress/results",
        "overwrite": false,
        "html": false,
        "json": true
      },
      "version": "6.2.0"
    }
  }
}